#
# A fatal error has been detected by the Java Runtime Environment:
#
#  EXCEPTION_ACCESS_VIOLATION (0xc0000005) at pc=0x00007ff9c9a16fe4, pid=36784, tid=24668
#
# JRE version: OpenJDK Runtime Environment Microsoft-9394293 (11.0.23+9) (build 11.0.23+9-LTS)
# Java VM: OpenJDK 64-Bit Server VM Microsoft-9394293 (11.0.23+9-LTS, mixed mode, sharing, tiered, compressed oops, g1 gc, windows-aarch64)
# Problematic frame:
# C  [libasyncProfiler.dll+0x46fe4]
#
# No core dump will be written. Minidumps are not enabled by default on client versions of Windows
#
# If you would like to submit a bug report, please visit:
#   https://github.com/microsoft/openjdk/issues
#

---------------  S U M M A R Y ------------

Command Line: -javaagent:C:\Program Files\JetBrains\IntelliJ IDEA 2024.1.4\lib\idea_rt.jar=54190:C:\Program Files\JetBrains\IntelliJ IDEA 2024.1.4\bin -agentpath:C:\Users\ice3x\AppData\Local\Temp\idea_libasyncProfiler_dll_temp_folder\libasyncProfiler.dll=start,jfr,event=wall,interval=10ms,jfrsync=profile,cstack=no,file=C:\Users\ice3x\IdeaSnapshots\PerformanceTest_2024_09_15_103311.jfr,dbghelppath=C:\Users\ice3x\AppData\Local\Temp\idea_dbghelp_dll_temp_folder\dbghelp.dll,log=C:\Users\ice3x\AppData\Local\Temp\PerformanceTest_2024_09_15_103311.jfr.log.txt,logLevel=DEBUG -Dfile.encoding=UTF-8 com.hancomins.cson.PerformanceTestIn

Host: Snapdragon(R) X Elite - X1E80100 - Qualcomm(R) Oryon(TM) CPU, 12 cores, 15G,  Windows 11 , 64 bit Build 26100 (10.0.26100.1742)
Time: Sun Sep 15 10:33:14 2024  Windows 11 , 64 bit Build 26100 (10.0.26100.1742) elapsed time: 2.656391 seconds (0d 0h 0m 2s)

---------------  T H R E A D  ---------------

Current thread is native thread

Stack: [0x000000b842e20000,0x000000b842f20000],  sp=0x000000b842f1f7a0,  free space=1021k
Native frames: (J=compiled Java code, A=aot compiled Java code, j=interpreted, Vv=VM code, C=native code)
C  [libasyncProfiler.dll+0x46fe4]
C  [libasyncProfiler.dll+0x46584]
C  [libasyncProfiler.dll+0x21ee28]
C  [libasyncProfiler.dll+0x21e880]
C  [libasyncProfiler.dll+0x21f034]
C  [libasyncProfiler.dll+0x21b564]
C  [libasyncProfiler.dll+0x21b2f0]
C  [libasyncProfiler.dll+0x21b7e8]
C  [libasyncProfiler.dll+0x151684]
C  [libasyncProfiler.dll+0x152a30]
C  [libasyncProfiler.dll+0x152698]
C  [libasyncProfiler.dll+0x152c4c]
C  [libasyncProfiler.dll+0x152e10]
C  [ntdll.dll+0xd415c]
C  0x83287ffa5a5c955c
C  0xdf7cfffa5a5dfcb8
C  0xa12c7ffa5a098490
C  0xa6367ffa55f9e588
C  0x414ffff7e81d14b8
C  [java.exe+0x14d0]
C  [KERNEL32.DLL+0x8740]
C  0xa254fffa5a5dff64


siginfo: EXCEPTION_ACCESS_VIOLATION (0xc0000005), reading address 0x000001e500d2267d


Register to memory mapping:

 X0=