#
# A fatal error has been detected by the Java Runtime Environment:
#
#  EXCEPTION_ACCESS_VIOLATION (0xc0000005) at pc=0x00007ff9e31b6fe4, pid=37044, tid=19156
#
# JRE version: OpenJDK Runtime Environment Microsoft-9394293 (11.0.23+9) (build 11.0.23+9-LTS)
# Java VM: OpenJDK 64-Bit Server VM Microsoft-9394293 (11.0.23+9-LTS, mixed mode, sharing, tiered, compressed oops, g1 gc, windows-aarch64)
# Problematic frame:
# C  [libasyncProfiler.dll+0x46fe4]
#
# No core dump will be written. Minidumps are not enabled by default on client versions of Windows
#
# If you would like to submit a bug report, please visit:
#   https://github.com/microsoft/openjdk/issues
#

---------------  S U M M A R Y ------------

Command Line: -javaagent:C:\Program Files\JetBrains\IntelliJ IDEA 2024.1.4\lib\idea_rt.jar=54346:C:\Program Files\JetBrains\IntelliJ IDEA 2024.1.4\bin -agentpath:C:\Users\ice3x\AppData\Local\Temp\idea_libasyncProfiler_dll_temp_folder\libasyncProfiler.dll=start,jfr,event=wall,interval=10ms,jfrsync=profile,cstack=no,file=C:\Users\ice3x\IdeaSnapshots\PerformanceTest_2024_09_15_105033.jfr,dbghelppath=C:\Users\ice3x\AppData\Local\Temp\idea_dbghelp_dll_temp_folder\dbghelp.dll,log=C:\Users\ice3x\AppData\Local\Temp\PerformanceTest_2024_09_15_105033.jfr.log.txt,logLevel=DEBUG -Dfile.encoding=UTF-8 com.hancomins.cson.PerformanceTestIn

Host: Snapdragon(R) X Elite - X1E80100 - Qualcomm(R) Oryon(TM) CPU, 12 cores, 15G,  Windows 11 , 64 bit Build 26100 (10.0.26100.1742)
Time: Sun Sep 15 10:50:35 2024  Windows 11 , 64 bit Build 26100 (10.0.26100.1742) elapsed time: 2.179228 seconds (0d 0h 0m 2s)

---------------  T H R E A D  ---------------

Current thread is native thread

Stack: [0x0000006149200000,0x0000006149300000],  sp=0x00000061492ff7c0,  free space=1021k
Native frames: (J=compiled Java code, A=aot compiled Java code, j=interpreted, Vv=VM code, C=native code)
C  [libasyncProfiler.dll+0x46fe4]
C  [libasyncProfiler.dll+0x46584]
C  [libasyncProfiler.dll+0x21ee28]
C  [libasyncProfiler.dll+0x21e880]
C  [libasyncProfiler.dll+0x21f034]
C  [libasyncProfiler.dll+0x21b564]
C  [libasyncProfiler.dll+0x21b2f0]
C  [libasyncProfiler.dll+0x21b7e8]
C  [libasyncProfiler.dll+0x151684]
C  [libasyncProfiler.dll+0x152a30]
C  [libasyncProfiler.dll+0x152698]
C  [libasyncProfiler.dll+0x152c4c]
C  [libasyncProfiler.dll+0x152e10]
C  [ntdll.dll+0xd415c]
C  0xdc0a7ffa5a5c955c
C  0xa3727ffa5a5dfcb8
C  0x3a017ffa5a098490
C  0x9d11fffa55f9e588
C  0x90277ff7e81d14b8
C  [java.exe+0x14d0]
C  [KERNEL32.DLL+0x8740]
C  0x340f7ffa5a5dff64


siginfo: EXCEPTION_ACCESS_VIOLATION (0xc0000005), reading address 0x00000251f6deb53e


Register to memory mapping:

 X0=