#
# A fatal error has been detected by the Java Runtime Environment:
#
#  EXCEPTION_ACCESS_VIOLATION (0xc0000005) at pc=0x00007ff9eb376fe4, pid=31416, tid=38976
#
# JRE version: OpenJDK Runtime Environment Microsoft-9394293 (11.0.23+9) (build 11.0.23+9-LTS)
# Java VM: OpenJDK 64-Bit Server VM Microsoft-9394293 (11.0.23+9-LTS, mixed mode, sharing, tiered, compressed oops, g1 gc, windows-aarch64)
# Problematic frame:
# C  [libasyncProfiler.dll+0x46fe4]
#
# No core dump will be written. Minidumps are not enabled by default on client versions of Windows
#
# If you would like to submit a bug report, please visit:
#   https://github.com/microsoft/openjdk/issues
#

---------------  S U M M A R Y ------------

Command Line: -javaagent:C:\Program Files\JetBrains\IntelliJ IDEA 2024.1.4\lib\idea_rt.jar=53746:C:\Program Files\JetBrains\IntelliJ IDEA 2024.1.4\bin -agentpath:C:\Users\ice3x\AppData\Local\Temp\idea_libasyncProfiler_dll_temp_folder\libasyncProfiler.dll=start,jfr,event=wall,interval=10ms,jfrsync=profile,cstack=no,file=C:\Users\ice3x\IdeaSnapshots\PerformanceTest_2024_09_24_055311.jfr,dbghelppath=C:\Users\ice3x\AppData\Local\Temp\idea_dbghelp_dll_temp_folder\dbghelp.dll,log=C:\Users\ice3x\AppData\Local\Temp\PerformanceTest_2024_09_24_055311.jfr.log.txt,logLevel=DEBUG -Dfile.encoding=UTF-8 com.hancomins.cson.PerformanceTest

Host: Snapdragon(R) X Elite - X1E80100 - Qualcomm(R) Oryon(TM) CPU, 12 cores, 15G,  Windows 11 , 64 bit Build 26100 (10.0.26100.1742)
Time: Tue Sep 24 05:53:12 2024  Windows 11 , 64 bit Build 26100 (10.0.26100.1742) elapsed time: 0.976421 seconds (0d 0h 0m 0s)

---------------  T H R E A D  ---------------

Current thread is native thread

Stack: [0x00000078ef4e0000,0x00000078ef5e0000],  sp=0x00000078ef5df510,  free space=1021k
Native frames: (J=compiled Java code, A=aot compiled Java code, j=interpreted, Vv=VM code, C=native code)
C  [libasyncProfiler.dll+0x46fe4]
C  [libasyncProfiler.dll+0x46584]
C  [libasyncProfiler.dll+0x21ee28]
C  [libasyncProfiler.dll+0x21e880]
C  [libasyncProfiler.dll+0x21f034]
C  [libasyncProfiler.dll+0x21b564]
C  [libasyncProfiler.dll+0x21b2f0]
C  [libasyncProfiler.dll+0x21b7e8]
C  [libasyncProfiler.dll+0x151684]
C  [libasyncProfiler.dll+0x152a30]
C  [libasyncProfiler.dll+0x152698]
C  [libasyncProfiler.dll+0x152c4c]
C  [libasyncProfiler.dll+0x152e10]
C  [ntdll.dll+0xd415c]
C  0x6764fffa5a5c955c
C  0xe478fffa5a5dfcb8
C  0x98647ffa5a098490
C  0x8c0efffa55f9e588
C  0x0c7f7ff783f214b8
C  [java.exe+0x14d0]
C  [KERNEL32.DLL+0x8740]
C  0x6965fffa5a5dff64


siginfo: EXCEPTION_ACCESS_VIOLATION (0xc0000005), reading address 0x0000017ef4879b86


Register to memory mapping:

 X0=