#
# A fatal error has been detected by the Java Runtime Environment:
#
#  EXCEPTION_ACCESS_VIOLATION (0xc0000005) at pc=0x00007ffd51f36fe4, pid=39180, tid=42728
#
# JRE version: OpenJDK Runtime Environment Microsoft-9394293 (11.0.23+9) (build 11.0.23+9-LTS)
# Java VM: OpenJDK 64-Bit Server VM Microsoft-9394293 (11.0.23+9-LTS, mixed mode, sharing, tiered, compressed oops, g1 gc, windows-aarch64)
# Problematic frame:
# C  [libasyncProfiler.dll+0x46fe4]
#
# No core dump will be written. Minidumps are not enabled by default on client versions of Windows
#
# If you would like to submit a bug report, please visit:
#   https://github.com/microsoft/openjdk/issues
#

---------------  S U M M A R Y ------------

Command Line: -ea -Didea.test.cyclic.buffer.size=1048576 -javaagent:C:\Program Files\JetBrains\IntelliJ IDEA 2024.1.4\lib\idea_rt.jar=56517:C:\Program Files\JetBrains\IntelliJ IDEA 2024.1.4\bin -agentpath:C:\Users\ice3x\AppData\Local\Temp\idea_libasyncProfiler_dll_temp_folder\libasyncProfiler.dll=start,jfr,event=wall,interval=10ms,jfrsync=profile,cstack=no,file=C:\Users\ice3x\IdeaSnapshots\JSON5ParserTest_testUnquoted_2024_07_22_070413.jfr,dbghelppath=C:\Users\ice3x\AppData\Local\Temp\idea_dbghelp_dll_temp_folder\dbghelp.dll,log=C:\Users\ice3x\AppData\Local\Temp\JSON5ParserTest_testUnquoted_2024_07_22_070413.jfr.log.txt,logLevel=DEBUG -Dfile.encoding=UTF-8 com.intellij.rt.junit.JUnitStarter -ideVersion5 -junit4 com.hancomins.cson.JSON5ParserTest,testUnquoted

Host: Snapdragon(R) X Elite - X1E80100 - Qualcomm(R) Oryon(TM) CPU, 12 cores, 15G,  Windows 11 , 64 bit Build 26100 (10.0.26100.1150)
Time: Mon Jul 22 07:04:14 2024  Windows 11 , 64 bit Build 26100 (10.0.26100.1150) elapsed time: 1.021146 seconds (0d 0h 0m 1s)

---------------  T H R E A D  ---------------

Current thread (0x000001ee08973800):  VMThread "VM Thread" [stack: 0x00000075d5800000,0x00000075d5900000] [id=42728]

Stack: [0x00000075d5800000,0x00000075d5900000],  sp=0x00000075d58fef60,  free space=1019k
Native frames: (J=compiled Java code, A=aot compiled Java code, j=interpreted, Vv=VM code, C=native code)
C  [libasyncProfiler.dll+0x46fe4]
C  [libasyncProfiler.dll+0x46584]
C  [libasyncProfiler.dll+0x21ee28]
C  [libasyncProfiler.dll+0x21e880]
C  [libasyncProfiler.dll+0x21f034]
C  [libasyncProfiler.dll+0x21b564]
C  [libasyncProfiler.dll+0x21b2f0]
C  [libasyncProfiler.dll+0x21b7e8]
C  [libasyncProfiler.dll+0x151684]
C  [libasyncProfiler.dll+0x152a30]
C  [libasyncProfiler.dll+0x152698]
C  [libasyncProfiler.dll+0x152c4c]
C  [libasyncProfiler.dll+0x152e10]
C  [ntdll.dll+0xd425c]
C  0xd90f7ffdb5e4964c
C  0x0e097ffdb5e5fdb8
C  0xd958fffdb4acd860
C  0xb45b7ffdb173e968
C  0x7662fffd16e6a778
V  [jvm.dll+0x31b7d8]
V  [jvm.dll+0x748a28]
V  [jvm.dll+0x748fbc]
V  [jvm.dll+0x74ddd4]
V  [jvm.dll+0x74e674]
V  [jvm.dll+0x74ea14]
V  [jvm.dll+0x6fd980]
V  [jvm.dll+0x5afa78]
C  [ucrtbase.dll+0x2b1d8]
C  0x617c7ffdb4a686f0
C  0xb071fffdb5e60064


siginfo: EXCEPTION_ACCESS_VIOLATION (0xc0000005), reading address 0x000001ee8bfef78a


Register to memory mapping:

 X0=0x000001ee8bfef78a is an unknown value
 X1=0x000001ee08681000 points into unknown readable memory: 0x000001ee0867e000 | 00 e0 67 08 ee 01 00 00
 X2=0x000001ee08681b00 points into unknown readable memory: 0x000001ee08680025 | 25 00 68 08 ee 01 00 00
 X3=0x000001ee08681b00 points into unknown readable memory: 0x000001ee08680025 | 25 00 68 08 ee 01 00 00

 X4=0x000000000000002a is an unknown value
 X5=0x0 is NULL
 X6=0x0 is NULL
 X7=0x00020052001d002b is an unknown value

 X8=0x00007ffd521868c8 libasyncProfiler.dll
 X9=0x0000000000000004 is an unknown value
X10=0x0 is NULL
X11=0x0000000000000088 is an unknown value

X12=0x00000c5982f7f459 is an unknown value
X13=0x000001ee081cb910 points into unknown readable memory: 0xfaa4041cf2f7f4a6 | a6 f4 f7 f2 1c 04 a4 fa
X14=0x0000000000000019 is an unknown value
X15=0x00007ffd52182508 libasyncProfiler.dll

X16=0x00007ffd51f3a840 libasyncProfiler.dll
X17=0x00000c5982f7f459 is an unknown value
X18=0x0 is NULL
X19=0x000001ee0867a5c0 points into unknown readable memory: 0x0000001a0000009c | 9c 00 00 00 1a 00 00 00

X20=0x00007ffd521f34e8 libasyncProfiler.dll
X21=0x00007ffd521f3460 libasyncProfiler.dll
X22=0x00000075d58ff088 points into unknown readable memory: 0x00000075d58ff080 | 80 f0 8f d5 75 00 00 00
X23=0x000001ee081cb910 points into unknown readable memory: 0xfaa4041cf2f7f4a6 | a6 f4 f7 f2 1c 04 a4 fa

X24=0x000001ee081cba80 points into unknown readable memory: 0x00000c5982f7f459 | 59 f4 f7 82 59 0c 00 00
X25=0x00000c5982f7f459 is an unknown value
X26=0x00007ffd521ed000 libasyncProfiler.dll
X27=0x00007ffd5220c000 libasyncProfiler.dll
X28=0x0 is NULL


Registers:
X0 =0x000001ee8bfef78a, X1 =0x000001ee08681000, X2 =0x000001ee08681b00, X3 =0x000001ee08681b00
X4 =0x000000000000002a, X5 =0x0000000000000000, X6 =0x0000000000000000, X7 =0x00020052001d002b
X8 =0x00007ffd521868c8, X9 =0x0000000000000004, X10=0x0000000000000000, X11=0x0000000000000088
X12=0x00000c5982f7f459, X13=0x000001ee081cb910, X14=0x0000000000000019, X15=0x00007ffd52182508
X16=0x00007ffd51f3a840, X17=0x00000c5982f7f459, X18=0x0000000000000000, X19=0x000001ee0867a5c0
, X20=0x00007ffd521f34e8, X21=0x00007ffd521f3460, X22=0x00000075d58ff088, X23=0x000001ee081cb910
, X24=0x000001ee081cba80, X25=0x00000c5982f7f459, X26=0x00007ffd521ed000, X27=0x00007ffd5220c000, X28=0x0000000000000000

Top of Stack: (sp=0x00000075d58fef60)
0x00000075d58fef60:   00000075d58fefa0 00007ffd51f36584
0x00000075d58fef70:   fffffffffffffffe 00007ffd5220c000
0x00000075d58fef80:   00007ffd521f3450 000001ee081cba28
0x00000075d58fef90:   000001ee081cb910 00000075d58ff088
0x00000075d58fefa0:   00000075d58fefd0 00007ffd5210ee28
0x00000075d58fefb0:   fffffffffffffffe 00007ffd5210ee28
0x00000075d58fefc0:   00007ffd52182508 000001ee081cba30
0x00000075d58fefd0:   00000075d58ff030 00007ffd5210e880
0x00000075d58fefe0:   00000075d58ff088 00000075d58ff074
0x00000075d58feff0:   00007ffd521f5000 00007ffd51ef0000
0x00000075d58ff000:   000001ee081441d0 000001ee081440b0
0x00000075d58ff010:   00007ffd51f090b4 0000000000000001
0x00000075d58ff020:   00007ffd51f090b4 00000075d58ff074
0x00000075d58ff030:   00000075d58ff060 00007ffd5210f034
0x00000075d58ff040:   00000075d58ff074 0000000000000030
0x00000075d58ff050:   00000075d58ff10c 00000075d58ff118 

Instructions: (pc=0x00007ffd51f36fe4)
0x00007ffd51f36fc4:   70 0b ff 97 88 12 00 90 08 21 23 91 93 02 5e f8
0x00007ffd51f36fd4:   88 02 18 f8 f3 01 00 b4 60 06 40 f9 40 01 00 b4
0x00007ffd51f36fe4:   08 00 40 f9 08 09 40 f9 00 01 3f d6 c0 00 00 b4
0x00007ffd51f36ff4:   08 00 40 f9 21 00 80 52 09 01 40 f9 20 01 3f d6 


Stack slot to memory mapping:
stack at sp + 0 slots: 0x00000075d58fefa0 points into unknown readable memory: 0x00000075d58fefd0 | d0 ef 8f d5 75 00 00 00
stack at sp + 1 slots: 0x00007ffd51f36584 libasyncProfiler.dll
stack at sp + 2 slots: 0xfffffffffffffffe is an unknown value
stack at sp + 3 slots: 0x00007ffd5220c000 libasyncProfiler.dll
stack at sp + 4 slots: 0x00007ffd521f3450 libasyncProfiler.dll
stack at sp + 5 slots: 0x000001ee081cba28 points into unknown readable memory: 0x00000c5982f7f459 | 59 f4 f7 82 59 0c 00 00
stack at sp + 6 slots: 0x000001ee081cb910 points into unknown readable memory: 0xfaa4041cf2f7f4a6 | a6 f4 f7 f2 1c 04 a4 fa
stack at sp + 7 slots: 0x00000075d58ff088 points into unknown readable memory: 0x00000075d58ff080 | 80 f0 8f d5 75 00 00 00

VM_Operation (0x00000075d52ff630): Exit, mode: safepoint, requested by thread 0x000001ee081fb000


---------------  P R O C E S S  ---------------

Threads class SMR info:
_java_thread_list=0x000001ee32aed620, length=14, elements={
0x000001ee081fb000, 0x000001ee08977000, 0x000001ee0897a800, 0x000001ee089af800,
0x000001ee089b0800, 0x000001ee089b3800, 0x000001ee089b6000, 0x000001ee089b9800,
0x000001ee089bc800, 0x000001ee087a9800, 0x000001ee08a96000, 0x000001ee08c4d000,
0x000001ee08f21000, 0x000001ee32ea4800
}

Java Threads: ( => current thread )
  0x000001ee081fb000 JavaThread "main" [_thread_blocked, id=23608, stack(0x00000075d5200000,0x00000075d5300000)]
  0x000001ee08977000 JavaThread "Reference Handler" daemon [_thread_blocked, id=47360, stack(0x00000075d5900000,0x00000075d5a00000)]
  0x000001ee0897a800 JavaThread "Finalizer" daemon [_thread_blocked, id=42332, stack(0x00000075d5a00000,0x00000075d5b00000)]
  0x000001ee089af800 JavaThread "Signal Dispatcher" daemon [_thread_blocked, id=46212, stack(0x00000075d5b00000,0x00000075d5c00000)]
  0x000001ee089b0800 JavaThread "Attach Listener" daemon [_thread_blocked, id=20928, stack(0x00000075d5c00000,0x00000075d5d00000)]
  0x000001ee089b3800 JavaThread "Service Thread" daemon [_thread_blocked, id=34944, stack(0x00000075d5d00000,0x00000075d5e00000)]
  0x000001ee089b6000 JavaThread "C2 CompilerThread0" daemon [_thread_blocked, id=21880, stack(0x00000075d5e00000,0x00000075d5f00000)]
  0x000001ee089b9800 JavaThread "C1 CompilerThread0" daemon [_thread_blocked, id=47948, stack(0x00000075d5f00000,0x00000075d6000000)]
  0x000001ee089bc800 JavaThread "Sweeper thread" daemon [_thread_blocked, id=10168, stack(0x00000075d6000000,0x00000075d6100000)]
  0x000001ee087a9800 JavaThread "Common-Cleaner" daemon [_thread_blocked, id=39356, stack(0x00000075d6100000,0x00000075d6200000)]
  0x000001ee08a96000 JavaThread "C2 CompilerThread1" daemon [_thread_blocked, id=39232, stack(0x00000075d6200000,0x00000075d6300000)]
  0x000001ee08c4d000 JavaThread "Monitor Ctrl-Break" daemon [_thread_in_native, id=10096, stack(0x00000075d6300000,0x00000075d6400000)]
  0x000001ee08f21000 JavaThread "C2 CompilerThread2" daemon [_thread_blocked, id=28996, stack(0x00000075d6500000,0x00000075d6600000)]
  0x000001ee32ea4800 JavaThread "JFR Periodic Tasks" daemon [_thread_blocked, id=43460, stack(0x00000075d6600000,0x00000075d6700000)]

Other Threads:
=>0x000001ee08973800 VMThread "VM Thread" [stack: 0x00000075d5800000,0x00000075d5900000] [id=42728]
  0x000001ee087cc000 GCTaskThread "GC Thread#0" [stack: 0x00000075d5300000,0x00000075d5400000] [id=2720]
  0x000001ee08840800 ConcurrentGCThread "G1 Main Marker" [stack: 0x00000075d5400000,0x00000075d5500000] [id=45200]
  0x000001ee08652800 ConcurrentGCThread "G1 Conc#0" [stack: 0x00000075d5500000,0x00000075d5600000] [id=48976]
  0x000001ee08776000 ConcurrentGCThread "G1 Refine#0" [stack: 0x00000075d5600000,0x00000075d5700000] [id=46944]
  0x000001ee08777000 ConcurrentGCThread "G1 Young RemSet Sampling" [stack: 0x00000075d5700000,0x00000075d5800000] [id=40800]

Threads with active compile tasks:
C1 CompilerThread0     1061 1251       3       jdk.internal.org.objectweb.asm.MethodVisitor::visitCode (15 bytes)

VM state:at safepoint (shutting down)

VM Mutex/Monitor currently owned by a thread:  ([mutex/lock_event])
[0x000001ee086fde80] Threads_lock - owner thread: 0x000001ee08973800

Heap address: 0x0000000706600000, size: 3994 MB, Compressed Oops mode: Zero based, Oop shift amount: 3
Narrow klass base: 0x0000000800000000, Narrow klass shift: 3
Compressed class space size: 1073741824 Address: 0x0000000840000000

Heap:
 garbage-first heap   total 256000K, used 22528K [0x0000000706600000, 0x0000000800000000)
  region size 1024K, 24 young (24576K), 0 survivors (0K)
 Metaspace       used 5209K, capacity 5685K, committed 5888K, reserved 1056768K
  class space    used 553K, capacity 653K, committed 768K, reserved 1048576K
Heap Regions: E=young(eden), S=young(survivor), O=old, HS=humongous(starts), HC=humongous(continues), CS=collection set, F=free, A=archive, TAMS=top-at-mark-start (previous, next)
|   0|0x0000000706600000, 0x0000000706600000, 0x0000000706700000|  0%| F|  |TAMS 0x0000000706600000, 0x0000000706600000| Untracked 
|   1|0x0000000706700000, 0x0000000706700000, 0x0000000706800000|  0%| F|  |TAMS 0x0000000706700000, 0x0000000706700000| Untracked 
|   2|0x0000000706800000, 0x0000000706800000, 0x0000000706900000|  0%| F|  |TAMS 0x0000000706800000, 0x0000000706800000| Untracked 
|   3|0x0000000706900000, 0x0000000706900000, 0x0000000706a00000|  0%| F|  |TAMS 0x0000000706900000, 0x0000000706900000| Untracked 
|   4|0x0000000706a00000, 0x0000000706a00000, 0x0000000706b00000|  0%| F|  |TAMS 0x0000000706a00000, 0x0000000706a00000| Untracked 
|   5|0x0000000706b00000, 0x0000000706b00000, 0x0000000706c00000|  0%| F|  |TAMS 0x0000000706b00000, 0x0000000706b00000| Untracked 
|   6|0x0000000706c00000, 0x0000000706c00000, 0x0000000706d00000|  0%| F|  |TAMS 0x0000000706c00000, 0x0000000706c00000| Untracked 
|   7|0x0000000706d00000, 0x0000000706d00000, 0x0000000706e00000|  0%| F|  |TAMS 0x0000000706d00000, 0x0000000706d00000| Untracked 
|   8|0x0000000706e00000, 0x0000000706e00000, 0x0000000706f00000|  0%| F|  |TAMS 0x0000000706e00000, 0x0000000706e00000| Untracked 
|   9|0x0000000706f00000, 0x0000000706f00000, 0x0000000707000000|  0%| F|  |TAMS 0x0000000706f00000, 0x0000000706f00000| Untracked 
|  10|0x0000000707000000, 0x0000000707000000, 0x0000000707100000|  0%| F|  |TAMS 0x0000000707000000, 0x0000000707000000| Untracked 
|  11|0x0000000707100000, 0x0000000707100000, 0x0000000707200000|  0%| F|  |TAMS 0x0000000707100000, 0x0000000707100000| Untracked 
|  12|0x0000000707200000, 0x0000000707200000, 0x0000000707300000|  0%| F|  |TAMS 0x0000000707200000, 0x0000000707200000| Untracked 
|  13|0x0000000707300000, 0x0000000707300000, 0x0000000707400000|  0%| F|  |TAMS 0x0000000707300000, 0x0000000707300000| Untracked 
|  14|0x0000000707400000, 0x0000000707400000, 0x0000000707500000|  0%| F|  |TAMS 0x0000000707400000, 0x0000000707400000| Untracked 
|  15|0x0000000707500000, 0x0000000707500000, 0x0000000707600000|  0%| F|  |TAMS 0x0000000707500000, 0x0000000707500000| Untracked 
|  16|0x0000000707600000, 0x0000000707600000, 0x0000000707700000|  0%| F|  |TAMS 0x0000000707600000, 0x0000000707600000| Untracked 
|  17|0x0000000707700000, 0x0000000707700000, 0x0000000707800000|  0%| F|  |TAMS 0x0000000707700000, 0x0000000707700000| Untracked 
|  18|0x0000000707800000, 0x0000000707800000, 0x0000000707900000|  0%| F|  |TAMS 0x0000000707800000, 0x0000000707800000| Untracked 
|  19|0x0000000707900000, 0x0000000707900000, 0x0000000707a00000|  0%| F|  |TAMS 0x0000000707900000, 0x0000000707900000| Untracked 
|  20|0x0000000707a00000, 0x0000000707a00000, 0x0000000707b00000|  0%| F|  |TAMS 0x0000000707a00000, 0x0000000707a00000| Untracked 
|  21|0x0000000707b00000, 0x0000000707b00000, 0x0000000707c00000|  0%| F|  |TAMS 0x0000000707b00000, 0x0000000707b00000| Untracked 
|  22|0x0000000707c00000, 0x0000000707c00000, 0x0000000707d00000|  0%| F|  |TAMS 0x0000000707c00000, 0x0000000707c00000| Untracked 
|  23|0x0000000707d00000, 0x0000000707d00000, 0x0000000707e00000|  0%| F|  |TAMS 0x0000000707d00000, 0x0000000707d00000| Untracked 
|  24|0x0000000707e00000, 0x0000000707e00000, 0x0000000707f00000|  0%| F|  |TAMS 0x0000000707e00000, 0x0000000707e00000| Untracked 
|  25|0x0000000707f00000, 0x0000000707f00000, 0x0000000708000000|  0%| F|  |TAMS 0x0000000707f00000, 0x0000000707f00000| Untracked 
|  26|0x0000000708000000, 0x0000000708000000, 0x0000000708100000|  0%| F|  |TAMS 0x0000000708000000, 0x0000000708000000| Untracked 
|  27|0x0000000708100000, 0x0000000708100000, 0x0000000708200000|  0%| F|  |TAMS 0x0000000708100000, 0x0000000708100000| Untracked 
|  28|0x0000000708200000, 0x0000000708200000, 0x0000000708300000|  0%| F|  |TAMS 0x0000000708200000, 0x0000000708200000| Untracked 
|  29|0x0000000708300000, 0x0000000708300000, 0x0000000708400000|  0%| F|  |TAMS 0x0000000708300000, 0x0000000708300000| Untracked 
|  30|0x0000000708400000, 0x0000000708400000, 0x0000000708500000|  0%| F|  |TAMS 0x0000000708400000, 0x0000000708400000| Untracked 
|  31|0x0000000708500000, 0x0000000708500000, 0x0000000708600000|  0%| F|  |TAMS 0x0000000708500000, 0x0000000708500000| Untracked 
|  32|0x0000000708600000, 0x0000000708600000, 0x0000000708700000|  0%| F|  |TAMS 0x0000000708600000, 0x0000000708600000| Untracked 
|  33|0x0000000708700000, 0x0000000708700000, 0x0000000708800000|  0%| F|  |TAMS 0x0000000708700000, 0x0000000708700000| Untracked 
|  34|0x0000000708800000, 0x0000000708800000, 0x0000000708900000|  0%| F|  |TAMS 0x0000000708800000, 0x0000000708800000| Untracked 
|  35|0x0000000708900000, 0x0000000708900000, 0x0000000708a00000|  0%| F|  |TAMS 0x0000000708900000, 0x0000000708900000| Untracked 
|  36|0x0000000708a00000, 0x0000000708a00000, 0x0000000708b00000|  0%| F|  |TAMS 0x0000000708a00000, 0x0000000708a00000| Untracked 
|  37|0x0000000708b00000, 0x0000000708b00000, 0x0000000708c00000|  0%| F|  |TAMS 0x0000000708b00000, 0x0000000708b00000| Untracked 
|  38|0x0000000708c00000, 0x0000000708c00000, 0x0000000708d00000|  0%| F|  |TAMS 0x0000000708c00000, 0x0000000708c00000| Untracked 
|  39|0x0000000708d00000, 0x0000000708d00000, 0x0000000708e00000|  0%| F|  |TAMS 0x0000000708d00000, 0x0000000708d00000| Untracked 
|  40|0x0000000708e00000, 0x0000000708e00000, 0x0000000708f00000|  0%| F|  |TAMS 0x0000000708e00000, 0x0000000708e00000| Untracked 
|  41|0x0000000708f00000, 0x0000000708f00000, 0x0000000709000000|  0%| F|  |TAMS 0x0000000708f00000, 0x0000000708f00000| Untracked 
|  42|0x0000000709000000, 0x0000000709000000, 0x0000000709100000|  0%| F|  |TAMS 0x0000000709000000, 0x0000000709000000| Untracked 
|  43|0x0000000709100000, 0x0000000709100000, 0x0000000709200000|  0%| F|  |TAMS 0x0000000709100000, 0x0000000709100000| Untracked 
|  44|0x0000000709200000, 0x0000000709200000, 0x0000000709300000|  0%| F|  |TAMS 0x0000000709200000, 0x0000000709200000| Untracked 
|  45|0x0000000709300000, 0x0000000709300000, 0x0000000709400000|  0%| F|  |TAMS 0x0000000709300000, 0x0000000709300000| Untracked 
|  46|0x0000000709400000, 0x0000000709400000, 0x0000000709500000|  0%| F|  |TAMS 0x0000000709400000, 0x0000000709400000| Untracked 
|  47|0x0000000709500000, 0x0000000709500000, 0x0000000709600000|  0%| F|  |TAMS 0x0000000709500000, 0x0000000709500000| Untracked 
|  48|0x0000000709600000, 0x0000000709600000, 0x0000000709700000|  0%| F|  |TAMS 0x0000000709600000, 0x0000000709600000| Untracked 
|  49|0x0000000709700000, 0x0000000709700000, 0x0000000709800000|  0%| F|  |TAMS 0x0000000709700000, 0x0000000709700000| Untracked 
|  50|0x0000000709800000, 0x0000000709800000, 0x0000000709900000|  0%| F|  |TAMS 0x0000000709800000, 0x0000000709800000| Untracked 
|  51|0x0000000709900000, 0x0000000709900000, 0x0000000709a00000|  0%| F|  |TAMS 0x0000000709900000, 0x0000000709900000| Untracked 
|  52|0x0000000709a00000, 0x0000000709a00000, 0x0000000709b00000|  0%| F|  |TAMS 0x0000000709a00000, 0x0000000709a00000| Untracked 
|  53|0x0000000709b00000, 0x0000000709b00000, 0x0000000709c00000|  0%| F|  |TAMS 0x0000000709b00000, 0x0000000709b00000| Untracked 
|  54|0x0000000709c00000, 0x0000000709c00000, 0x0000000709d00000|  0%| F|  |TAMS 0x0000000709c00000, 0x0000000709c00000| Untracked 
|  55|0x0000000709d00000, 0x0000000709d00000, 0x0000000709e00000|  0%| F|  |TAMS 0x0000000709d00000, 0x0000000709d00000| Untracked 
|  56|0x0000000709e00000, 0x0000000709e00000, 0x0000000709f00000|  0%| F|  |TAMS 0x0000000709e00000, 0x0000000709e00000| Untracked 
|  57|0x0000000709f00000, 0x0000000709f00000, 0x000000070a000000|  0%| F|  |TAMS 0x0000000709f00000, 0x0000000709f00000| Untracked 
|  58|0x000000070a000000, 0x000000070a000000, 0x000000070a100000|  0%| F|  |TAMS 0x000000070a000000, 0x000000070a000000| Untracked 
|  59|0x000000070a100000, 0x000000070a100000, 0x000000070a200000|  0%| F|  |TAMS 0x000000070a100000, 0x000000070a100000| Untracked 
|  60|0x000000070a200000, 0x000000070a200000, 0x000000070a300000|  0%| F|  |TAMS 0x000000070a200000, 0x000000070a200000| Untracked 
|  61|0x000000070a300000, 0x000000070a300000, 0x000000070a400000|  0%| F|  |TAMS 0x000000070a300000, 0x000000070a300000| Untracked 
|  62|0x000000070a400000, 0x000000070a400000, 0x000000070a500000|  0%| F|  |TAMS 0x000000070a400000, 0x000000070a400000| Untracked 
|  63|0x000000070a500000, 0x000000070a500000, 0x000000070a600000|  0%| F|  |TAMS 0x000000070a500000, 0x000000070a500000| Untracked 
|  64|0x000000070a600000, 0x000000070a600000, 0x000000070a700000|  0%| F|  |TAMS 0x000000070a600000, 0x000000070a600000| Untracked 
|  65|0x000000070a700000, 0x000000070a700000, 0x000000070a800000|  0%| F|  |TAMS 0x000000070a700000, 0x000000070a700000| Untracked 
|  66|0x000000070a800000, 0x000000070a800000, 0x000000070a900000|  0%| F|  |TAMS 0x000000070a800000, 0x000000070a800000| Untracked 
|  67|0x000000070a900000, 0x000000070a900000, 0x000000070aa00000|  0%| F|  |TAMS 0x000000070a900000, 0x000000070a900000| Untracked 
|  68|0x000000070aa00000, 0x000000070aa00000, 0x000000070ab00000|  0%| F|  |TAMS 0x000000070aa00000, 0x000000070aa00000| Untracked 
|  69|0x000000070ab00000, 0x000000070ab00000, 0x000000070ac00000|  0%| F|  |TAMS 0x000000070ab00000, 0x000000070ab00000| Untracked 
|  70|0x000000070ac00000, 0x000000070ac00000, 0x000000070ad00000|  0%| F|  |TAMS 0x000000070ac00000, 0x000000070ac00000| Untracked 
|  71|0x000000070ad00000, 0x000000070ad00000, 0x000000070ae00000|  0%| F|  |TAMS 0x000000070ad00000, 0x000000070ad00000| Untracked 
|  72|0x000000070ae00000, 0x000000070ae00000, 0x000000070af00000|  0%| F|  |TAMS 0x000000070ae00000, 0x000000070ae00000| Untracked 
|  73|0x000000070af00000, 0x000000070af00000, 0x000000070b000000|  0%| F|  |TAMS 0x000000070af00000, 0x000000070af00000| Untracked 
|  74|0x000000070b000000, 0x000000070b000000, 0x000000070b100000|  0%| F|  |TAMS 0x000000070b000000, 0x000000070b000000| Untracked 
|  75|0x000000070b100000, 0x000000070b100000, 0x000000070b200000|  0%| F|  |TAMS 0x000000070b100000, 0x000000070b100000| Untracked 
|  76|0x000000070b200000, 0x000000070b200000, 0x000000070b300000|  0%| F|  |TAMS 0x000000070b200000, 0x000000070b200000| Untracked 
|  77|0x000000070b300000, 0x000000070b300000, 0x000000070b400000|  0%| F|  |TAMS 0x000000070b300000, 0x000000070b300000| Untracked 
|  78|0x000000070b400000, 0x000000070b400000, 0x000000070b500000|  0%| F|  |TAMS 0x000000070b400000, 0x000000070b400000| Untracked 
|  79|0x000000070b500000, 0x000000070b500000, 0x000000070b600000|  0%| F|  |TAMS 0x000000070b500000, 0x000000070b500000| Untracked 
|  80|0x000000070b600000, 0x000000070b600000, 0x000000070b700000|  0%| F|  |TAMS 0x000000070b600000, 0x000000070b600000| Untracked 
|  81|0x000000070b700000, 0x000000070b700000, 0x000000070b800000|  0%| F|  |TAMS 0x000000070b700000, 0x000000070b700000| Untracked 
|  82|0x000000070b800000, 0x000000070b800000, 0x000000070b900000|  0%| F|  |TAMS 0x000000070b800000, 0x000000070b800000| Untracked 
|  83|0x000000070b900000, 0x000000070b900000, 0x000000070ba00000|  0%| F|  |TAMS 0x000000070b900000, 0x000000070b900000| Untracked 
|  84|0x000000070ba00000, 0x000000070ba00000, 0x000000070bb00000|  0%| F|  |TAMS 0x000000070ba00000, 0x000000070ba00000| Untracked 
|  85|0x000000070bb00000, 0x000000070bb00000, 0x000000070bc00000|  0%| F|  |TAMS 0x000000070bb00000, 0x000000070bb00000| Untracked 
|  86|0x000000070bc00000, 0x000000070bc00000, 0x000000070bd00000|  0%| F|  |TAMS 0x000000070bc00000, 0x000000070bc00000| Untracked 
|  87|0x000000070bd00000, 0x000000070bd00000, 0x000000070be00000|  0%| F|  |TAMS 0x000000070bd00000, 0x000000070bd00000| Untracked 
|  88|0x000000070be00000, 0x000000070be00000, 0x000000070bf00000|  0%| F|  |TAMS 0x000000070be00000, 0x000000070be00000| Untracked 
|  89|0x000000070bf00000, 0x000000070bf00000, 0x000000070c000000|  0%| F|  |TAMS 0x000000070bf00000, 0x000000070bf00000| Untracked 
|  90|0x000000070c000000, 0x000000070c000000, 0x000000070c100000|  0%| F|  |TAMS 0x000000070c000000, 0x000000070c000000| Untracked 
|  91|0x000000070c100000, 0x000000070c100000, 0x000000070c200000|  0%| F|  |TAMS 0x000000070c100000, 0x000000070c100000| Untracked 
|  92|0x000000070c200000, 0x000000070c200000, 0x000000070c300000|  0%| F|  |TAMS 0x000000070c200000, 0x000000070c200000| Untracked 
|  93|0x000000070c300000, 0x000000070c300000, 0x000000070c400000|  0%| F|  |TAMS 0x000000070c300000, 0x000000070c300000| Untracked 
|  94|0x000000070c400000, 0x000000070c400000, 0x000000070c500000|  0%| F|  |TAMS 0x000000070c400000, 0x000000070c400000| Untracked 
|  95|0x000000070c500000, 0x000000070c500000, 0x000000070c600000|  0%| F|  |TAMS 0x000000070c500000, 0x000000070c500000| Untracked 
|  96|0x000000070c600000, 0x000000070c600000, 0x000000070c700000|  0%| F|  |TAMS 0x000000070c600000, 0x000000070c600000| Untracked 
|  97|0x000000070c700000, 0x000000070c700000, 0x000000070c800000|  0%| F|  |TAMS 0x000000070c700000, 0x000000070c700000| Untracked 
|  98|0x000000070c800000, 0x000000070c800000, 0x000000070c900000|  0%| F|  |TAMS 0x000000070c800000, 0x000000070c800000| Untracked 
|  99|0x000000070c900000, 0x000000070c900000, 0x000000070ca00000|  0%| F|  |TAMS 0x000000070c900000, 0x000000070c900000| Untracked 
| 100|0x000000070ca00000, 0x000000070ca00000, 0x000000070cb00000|  0%| F|  |TAMS 0x000000070ca00000, 0x000000070ca00000| Untracked 
| 101|0x000000070cb00000, 0x000000070cb00000, 0x000000070cc00000|  0%| F|  |TAMS 0x000000070cb00000, 0x000000070cb00000| Untracked 
| 102|0x000000070cc00000, 0x000000070cc00000, 0x000000070cd00000|  0%| F|  |TAMS 0x000000070cc00000, 0x000000070cc00000| Untracked 
| 103|0x000000070cd00000, 0x000000070cd00000, 0x000000070ce00000|  0%| F|  |TAMS 0x000000070cd00000, 0x000000070cd00000| Untracked 
| 104|0x000000070ce00000, 0x000000070ce00000, 0x000000070cf00000|  0%| F|  |TAMS 0x000000070ce00000, 0x000000070ce00000| Untracked 
| 105|0x000000070cf00000, 0x000000070cf00000, 0x000000070d000000|  0%| F|  |TAMS 0x000000070cf00000, 0x000000070cf00000| Untracked 
| 106|0x000000070d000000, 0x000000070d000000, 0x000000070d100000|  0%| F|  |TAMS 0x000000070d000000, 0x000000070d000000| Untracked 
| 107|0x000000070d100000, 0x000000070d100000, 0x000000070d200000|  0%| F|  |TAMS 0x000000070d100000, 0x000000070d100000| Untracked 
| 108|0x000000070d200000, 0x000000070d200000, 0x000000070d300000|  0%| F|  |TAMS 0x000000070d200000, 0x000000070d200000| Untracked 
| 109|0x000000070d300000, 0x000000070d300000, 0x000000070d400000|  0%| F|  |TAMS 0x000000070d300000, 0x000000070d300000| Untracked 
| 110|0x000000070d400000, 0x000000070d400000, 0x000000070d500000|  0%| F|  |TAMS 0x000000070d400000, 0x000000070d400000| Untracked 
| 111|0x000000070d500000, 0x000000070d500000, 0x000000070d600000|  0%| F|  |TAMS 0x000000070d500000, 0x000000070d500000| Untracked 
| 112|0x000000070d600000, 0x000000070d600000, 0x000000070d700000|  0%| F|  |TAMS 0x000000070d600000, 0x000000070d600000| Untracked 
| 113|0x000000070d700000, 0x000000070d700000, 0x000000070d800000|  0%| F|  |TAMS 0x000000070d700000, 0x000000070d700000| Untracked 
| 114|0x000000070d800000, 0x000000070d800000, 0x000000070d900000|  0%| F|  |TAMS 0x000000070d800000, 0x000000070d800000| Untracked 
| 115|0x000000070d900000, 0x000000070d900000, 0x000000070da00000|  0%| F|  |TAMS 0x000000070d900000, 0x000000070d900000| Untracked 
| 116|0x000000070da00000, 0x000000070da00000, 0x000000070db00000|  0%| F|  |TAMS 0x000000070da00000, 0x000000070da00000| Untracked 
| 117|0x000000070db00000, 0x000000070db00000, 0x000000070dc00000|  0%| F|  |TAMS 0x000000070db00000, 0x000000070db00000| Untracked 
| 118|0x000000070dc00000, 0x000000070dc00000, 0x000000070dd00000|  0%| F|  |TAMS 0x000000070dc00000, 0x000000070dc00000| Untracked 
| 119|0x000000070dd00000, 0x000000070dd00000, 0x000000070de00000|  0%| F|  |TAMS 0x000000070dd00000, 0x000000070dd00000| Untracked 
| 120|0x000000070de00000, 0x000000070de00000, 0x000000070df00000|  0%| F|  |TAMS 0x000000070de00000, 0x000000070de00000| Untracked 
| 121|0x000000070df00000, 0x000000070df00000, 0x000000070e000000|  0%| F|  |TAMS 0x000000070df00000, 0x000000070df00000| Untracked 
| 122|0x000000070e000000, 0x000000070e000000, 0x000000070e100000|  0%| F|  |TAMS 0x000000070e000000, 0x000000070e000000| Untracked 
| 123|0x000000070e100000, 0x000000070e100000, 0x000000070e200000|  0%| F|  |TAMS 0x000000070e100000, 0x000000070e100000| Untracked 
| 124|0x000000070e200000, 0x000000070e200000, 0x000000070e300000|  0%| F|  |TAMS 0x000000070e200000, 0x000000070e200000| Untracked 
| 125|0x000000070e300000, 0x000000070e300000, 0x000000070e400000|  0%| F|  |TAMS 0x000000070e300000, 0x000000070e300000| Untracked 
| 126|0x000000070e400000, 0x000000070e400000, 0x000000070e500000|  0%| F|  |TAMS 0x000000070e400000, 0x000000070e400000| Untracked 
| 127|0x000000070e500000, 0x000000070e500000, 0x000000070e600000|  0%| F|  |TAMS 0x000000070e500000, 0x000000070e500000| Untracked 
| 128|0x000000070e600000, 0x000000070e600000, 0x000000070e700000|  0%| F|  |TAMS 0x000000070e600000, 0x000000070e600000| Untracked 
| 129|0x000000070e700000, 0x000000070e700000, 0x000000070e800000|  0%| F|  |TAMS 0x000000070e700000, 0x000000070e700000| Untracked 
| 130|0x000000070e800000, 0x000000070e800000, 0x000000070e900000|  0%| F|  |TAMS 0x000000070e800000, 0x000000070e800000| Untracked 
| 131|0x000000070e900000, 0x000000070e900000, 0x000000070ea00000|  0%| F|  |TAMS 0x000000070e900000, 0x000000070e900000| Untracked 
| 132|0x000000070ea00000, 0x000000070ea00000, 0x000000070eb00000|  0%| F|  |TAMS 0x000000070ea00000, 0x000000070ea00000| Untracked 
| 133|0x000000070eb00000, 0x000000070eb00000, 0x000000070ec00000|  0%| F|  |TAMS 0x000000070eb00000, 0x000000070eb00000| Untracked 
| 134|0x000000070ec00000, 0x000000070ec00000, 0x000000070ed00000|  0%| F|  |TAMS 0x000000070ec00000, 0x000000070ec00000| Untracked 
| 135|0x000000070ed00000, 0x000000070ed00000, 0x000000070ee00000|  0%| F|  |TAMS 0x000000070ed00000, 0x000000070ed00000| Untracked 
| 136|0x000000070ee00000, 0x000000070ee00000, 0x000000070ef00000|  0%| F|  |TAMS 0x000000070ee00000, 0x000000070ee00000| Untracked 
| 137|0x000000070ef00000, 0x000000070ef00000, 0x000000070f000000|  0%| F|  |TAMS 0x000000070ef00000, 0x000000070ef00000| Untracked 
| 138|0x000000070f000000, 0x000000070f000000, 0x000000070f100000|  0%| F|  |TAMS 0x000000070f000000, 0x000000070f000000| Untracked 
| 139|0x000000070f100000, 0x000000070f100000, 0x000000070f200000|  0%| F|  |TAMS 0x000000070f100000, 0x000000070f100000| Untracked 
| 140|0x000000070f200000, 0x000000070f200000, 0x000000070f300000|  0%| F|  |TAMS 0x000000070f200000, 0x000000070f200000| Untracked 
| 141|0x000000070f300000, 0x000000070f300000, 0x000000070f400000|  0%| F|  |TAMS 0x000000070f300000, 0x000000070f300000| Untracked 
| 142|0x000000070f400000, 0x000000070f400000, 0x000000070f500000|  0%| F|  |TAMS 0x000000070f400000, 0x000000070f400000| Untracked 
| 143|0x000000070f500000, 0x000000070f500000, 0x000000070f600000|  0%| F|  |TAMS 0x000000070f500000, 0x000000070f500000| Untracked 
| 144|0x000000070f600000, 0x000000070f600000, 0x000000070f700000|  0%| F|  |TAMS 0x000000070f600000, 0x000000070f600000| Untracked 
| 145|0x000000070f700000, 0x000000070f700000, 0x000000070f800000|  0%| F|  |TAMS 0x000000070f700000, 0x000000070f700000| Untracked 
| 146|0x000000070f800000, 0x000000070f800000, 0x000000070f900000|  0%| F|  |TAMS 0x000000070f800000, 0x000000070f800000| Untracked 
| 147|0x000000070f900000, 0x000000070f900000, 0x000000070fa00000|  0%| F|  |TAMS 0x000000070f900000, 0x000000070f900000| Untracked 
| 148|0x000000070fa00000, 0x000000070fa00000, 0x000000070fb00000|  0%| F|  |TAMS 0x000000070fa00000, 0x000000070fa00000| Untracked 
| 149|0x000000070fb00000, 0x000000070fb00000, 0x000000070fc00000|  0%| F|  |TAMS 0x000000070fb00000, 0x000000070fb00000| Untracked 
| 150|0x000000070fc00000, 0x000000070fc00000, 0x000000070fd00000|  0%| F|  |TAMS 0x000000070fc00000, 0x000000070fc00000| Untracked 
| 151|0x000000070fd00000, 0x000000070fd00000, 0x000000070fe00000|  0%| F|  |TAMS 0x000000070fd00000, 0x000000070fd00000| Untracked 
| 152|0x000000070fe00000, 0x000000070fe00000, 0x000000070ff00000|  0%| F|  |TAMS 0x000000070fe00000, 0x000000070fe00000| Untracked 
| 153|0x000000070ff00000, 0x000000070ff00000, 0x0000000710000000|  0%| F|  |TAMS 0x000000070ff00000, 0x000000070ff00000| Untracked 
| 154|0x0000000710000000, 0x0000000710000000, 0x0000000710100000|  0%| F|  |TAMS 0x0000000710000000, 0x0000000710000000| Untracked 
| 155|0x0000000710100000, 0x0000000710100000, 0x0000000710200000|  0%| F|  |TAMS 0x0000000710100000, 0x0000000710100000| Untracked 
| 156|0x0000000710200000, 0x0000000710200000, 0x0000000710300000|  0%| F|  |TAMS 0x0000000710200000, 0x0000000710200000| Untracked 
| 157|0x0000000710300000, 0x0000000710300000, 0x0000000710400000|  0%| F|  |TAMS 0x0000000710300000, 0x0000000710300000| Untracked 
| 158|0x0000000710400000, 0x0000000710400000, 0x0000000710500000|  0%| F|  |TAMS 0x0000000710400000, 0x0000000710400000| Untracked 
| 159|0x0000000710500000, 0x0000000710500000, 0x0000000710600000|  0%| F|  |TAMS 0x0000000710500000, 0x0000000710500000| Untracked 
| 160|0x0000000710600000, 0x0000000710600000, 0x0000000710700000|  0%| F|  |TAMS 0x0000000710600000, 0x0000000710600000| Untracked 
| 161|0x0000000710700000, 0x0000000710700000, 0x0000000710800000|  0%| F|  |TAMS 0x0000000710700000, 0x0000000710700000| Untracked 
| 162|0x0000000710800000, 0x0000000710800000, 0x0000000710900000|  0%| F|  |TAMS 0x0000000710800000, 0x0000000710800000| Untracked 
| 163|0x0000000710900000, 0x0000000710900000, 0x0000000710a00000|  0%| F|  |TAMS 0x0000000710900000, 0x0000000710900000| Untracked 
| 164|0x0000000710a00000, 0x0000000710a00000, 0x0000000710b00000|  0%| F|  |TAMS 0x0000000710a00000, 0x0000000710a00000| Untracked 
| 165|0x0000000710b00000, 0x0000000710b00000, 0x0000000710c00000|  0%| F|  |TAMS 0x0000000710b00000, 0x0000000710b00000| Untracked 
| 166|0x0000000710c00000, 0x0000000710c00000, 0x0000000710d00000|  0%| F|  |TAMS 0x0000000710c00000, 0x0000000710c00000| Untracked 
| 167|0x0000000710d00000, 0x0000000710d00000, 0x0000000710e00000|  0%| F|  |TAMS 0x0000000710d00000, 0x0000000710d00000| Untracked 
| 168|0x0000000710e00000, 0x0000000710e00000, 0x0000000710f00000|  0%| F|  |TAMS 0x0000000710e00000, 0x0000000710e00000| Untracked 
| 169|0x0000000710f00000, 0x0000000710f00000, 0x0000000711000000|  0%| F|  |TAMS 0x0000000710f00000, 0x0000000710f00000| Untracked 
| 170|0x0000000711000000, 0x0000000711000000, 0x0000000711100000|  0%| F|  |TAMS 0x0000000711000000, 0x0000000711000000| Untracked 
| 171|0x0000000711100000, 0x0000000711100000, 0x0000000711200000|  0%| F|  |TAMS 0x0000000711100000, 0x0000000711100000| Untracked 
| 172|0x0000000711200000, 0x0000000711200000, 0x0000000711300000|  0%| F|  |TAMS 0x0000000711200000, 0x0000000711200000| Untracked 
| 173|0x0000000711300000, 0x0000000711300000, 0x0000000711400000|  0%| F|  |TAMS 0x0000000711300000, 0x0000000711300000| Untracked 
| 174|0x0000000711400000, 0x0000000711400000, 0x0000000711500000|  0%| F|  |TAMS 0x0000000711400000, 0x0000000711400000| Untracked 
| 175|0x0000000711500000, 0x0000000711500000, 0x0000000711600000|  0%| F|  |TAMS 0x0000000711500000, 0x0000000711500000| Untracked 
| 176|0x0000000711600000, 0x0000000711600000, 0x0000000711700000|  0%| F|  |TAMS 0x0000000711600000, 0x0000000711600000| Untracked 
| 177|0x0000000711700000, 0x0000000711700000, 0x0000000711800000|  0%| F|  |TAMS 0x0000000711700000, 0x0000000711700000| Untracked 
| 178|0x0000000711800000, 0x0000000711800000, 0x0000000711900000|  0%| F|  |TAMS 0x0000000711800000, 0x0000000711800000| Untracked 
| 179|0x0000000711900000, 0x0000000711900000, 0x0000000711a00000|  0%| F|  |TAMS 0x0000000711900000, 0x0000000711900000| Untracked 
| 180|0x0000000711a00000, 0x0000000711a00000, 0x0000000711b00000|  0%| F|  |TAMS 0x0000000711a00000, 0x0000000711a00000| Untracked 
| 181|0x0000000711b00000, 0x0000000711b00000, 0x0000000711c00000|  0%| F|  |TAMS 0x0000000711b00000, 0x0000000711b00000| Untracked 
| 182|0x0000000711c00000, 0x0000000711c00000, 0x0000000711d00000|  0%| F|  |TAMS 0x0000000711c00000, 0x0000000711c00000| Untracked 
| 183|0x0000000711d00000, 0x0000000711d00000, 0x0000000711e00000|  0%| F|  |TAMS 0x0000000711d00000, 0x0000000711d00000| Untracked 
| 184|0x0000000711e00000, 0x0000000711e00000, 0x0000000711f00000|  0%| F|  |TAMS 0x0000000711e00000, 0x0000000711e00000| Untracked 
| 185|0x0000000711f00000, 0x0000000711f00000, 0x0000000712000000|  0%| F|  |TAMS 0x0000000711f00000, 0x0000000711f00000| Untracked 
| 186|0x0000000712000000, 0x0000000712000000, 0x0000000712100000|  0%| F|  |TAMS 0x0000000712000000, 0x0000000712000000| Untracked 
| 187|0x0000000712100000, 0x0000000712100000, 0x0000000712200000|  0%| F|  |TAMS 0x0000000712100000, 0x0000000712100000| Untracked 
| 188|0x0000000712200000, 0x0000000712200000, 0x0000000712300000|  0%| F|  |TAMS 0x0000000712200000, 0x0000000712200000| Untracked 
| 189|0x0000000712300000, 0x0000000712300000, 0x0000000712400000|  0%| F|  |TAMS 0x0000000712300000, 0x0000000712300000| Untracked 
| 190|0x0000000712400000, 0x0000000712400000, 0x0000000712500000|  0%| F|  |TAMS 0x0000000712400000, 0x0000000712400000| Untracked 
| 191|0x0000000712500000, 0x0000000712500000, 0x0000000712600000|  0%| F|  |TAMS 0x0000000712500000, 0x0000000712500000| Untracked 
| 192|0x0000000712600000, 0x0000000712600000, 0x0000000712700000|  0%| F|  |TAMS 0x0000000712600000, 0x0000000712600000| Untracked 
| 193|0x0000000712700000, 0x0000000712700000, 0x0000000712800000|  0%| F|  |TAMS 0x0000000712700000, 0x0000000712700000| Untracked 
| 194|0x0000000712800000, 0x0000000712800000, 0x0000000712900000|  0%| F|  |TAMS 0x0000000712800000, 0x0000000712800000| Untracked 
| 195|0x0000000712900000, 0x0000000712900000, 0x0000000712a00000|  0%| F|  |TAMS 0x0000000712900000, 0x0000000712900000| Untracked 
| 196|0x0000000712a00000, 0x0000000712a00000, 0x0000000712b00000|  0%| F|  |TAMS 0x0000000712a00000, 0x0000000712a00000| Untracked 
| 197|0x0000000712b00000, 0x0000000712b00000, 0x0000000712c00000|  0%| F|  |TAMS 0x0000000712b00000, 0x0000000712b00000| Untracked 
| 198|0x0000000712c00000, 0x0000000712c00000, 0x0000000712d00000|  0%| F|  |TAMS 0x0000000712c00000, 0x0000000712c00000| Untracked 
| 199|0x0000000712d00000, 0x0000000712d00000, 0x0000000712e00000|  0%| F|  |TAMS 0x0000000712d00000, 0x0000000712d00000| Untracked 
| 200|0x0000000712e00000, 0x0000000712e00000, 0x0000000712f00000|  0%| F|  |TAMS 0x0000000712e00000, 0x0000000712e00000| Untracked 
| 201|0x0000000712f00000, 0x0000000712f00000, 0x0000000713000000|  0%| F|  |TAMS 0x0000000712f00000, 0x0000000712f00000| Untracked 
| 202|0x0000000713000000, 0x0000000713000000, 0x0000000713100000|  0%| F|  |TAMS 0x0000000713000000, 0x0000000713000000| Untracked 
| 203|0x0000000713100000, 0x0000000713100000, 0x0000000713200000|  0%| F|  |TAMS 0x0000000713100000, 0x0000000713100000| Untracked 
| 204|0x0000000713200000, 0x0000000713200000, 0x0000000713300000|  0%| F|  |TAMS 0x0000000713200000, 0x0000000713200000| Untracked 
| 205|0x0000000713300000, 0x0000000713300000, 0x0000000713400000|  0%| F|  |TAMS 0x0000000713300000, 0x0000000713300000| Untracked 
| 206|0x0000000713400000, 0x0000000713400000, 0x0000000713500000|  0%| F|  |TAMS 0x0000000713400000, 0x0000000713400000| Untracked 
| 207|0x0000000713500000, 0x0000000713500000, 0x0000000713600000|  0%| F|  |TAMS 0x0000000713500000, 0x0000000713500000| Untracked 
| 208|0x0000000713600000, 0x0000000713600000, 0x0000000713700000|  0%| F|  |TAMS 0x0000000713600000, 0x0000000713600000| Untracked 
| 209|0x0000000713700000, 0x0000000713700000, 0x0000000713800000|  0%| F|  |TAMS 0x0000000713700000, 0x0000000713700000| Untracked 
| 210|0x0000000713800000, 0x0000000713800000, 0x0000000713900000|  0%| F|  |TAMS 0x0000000713800000, 0x0000000713800000| Untracked 
| 211|0x0000000713900000, 0x0000000713900000, 0x0000000713a00000|  0%| F|  |TAMS 0x0000000713900000, 0x0000000713900000| Untracked 
| 212|0x0000000713a00000, 0x0000000713a00000, 0x0000000713b00000|  0%| F|  |TAMS 0x0000000713a00000, 0x0000000713a00000| Untracked 
| 213|0x0000000713b00000, 0x0000000713b00000, 0x0000000713c00000|  0%| F|  |TAMS 0x0000000713b00000, 0x0000000713b00000| Untracked 
| 214|0x0000000713c00000, 0x0000000713c00000, 0x0000000713d00000|  0%| F|  |TAMS 0x0000000713c00000, 0x0000000713c00000| Untracked 
| 215|0x0000000713d00000, 0x0000000713d00000, 0x0000000713e00000|  0%| F|  |TAMS 0x0000000713d00000, 0x0000000713d00000| Untracked 
| 216|0x0000000713e00000, 0x0000000713e00000, 0x0000000713f00000|  0%| F|  |TAMS 0x0000000713e00000, 0x0000000713e00000| Untracked 
| 217|0x0000000713f00000, 0x0000000713f00000, 0x0000000714000000|  0%| F|  |TAMS 0x0000000713f00000, 0x0000000713f00000| Untracked 
| 218|0x0000000714000000, 0x0000000714000000, 0x0000000714100000|  0%| F|  |TAMS 0x0000000714000000, 0x0000000714000000| Untracked 
| 219|0x0000000714100000, 0x0000000714100000, 0x0000000714200000|  0%| F|  |TAMS 0x0000000714100000, 0x0000000714100000| Untracked 
| 220|0x0000000714200000, 0x0000000714200000, 0x0000000714300000|  0%| F|  |TAMS 0x0000000714200000, 0x0000000714200000| Untracked 
| 221|0x0000000714300000, 0x0000000714300000, 0x0000000714400000|  0%| F|  |TAMS 0x0000000714300000, 0x0000000714300000| Untracked 
| 222|0x0000000714400000, 0x0000000714400000, 0x0000000714500000|  0%| F|  |TAMS 0x0000000714400000, 0x0000000714400000| Untracked 
| 223|0x0000000714500000, 0x0000000714500000, 0x0000000714600000|  0%| F|  |TAMS 0x0000000714500000, 0x0000000714500000| Untracked 
| 224|0x0000000714600000, 0x0000000714600000, 0x0000000714700000|  0%| F|  |TAMS 0x0000000714600000, 0x0000000714600000| Untracked 
| 225|0x0000000714700000, 0x0000000714700000, 0x0000000714800000|  0%| F|  |TAMS 0x0000000714700000, 0x0000000714700000| Untracked 
| 226|0x0000000714800000, 0x0000000714900000, 0x0000000714900000|100%| E|  |TAMS 0x0000000714800000, 0x0000000714800000| Complete 
| 227|0x0000000714900000, 0x0000000714a00000, 0x0000000714a00000|100%| E|  |TAMS 0x0000000714900000, 0x0000000714900000| Complete 
| 228|0x0000000714a00000, 0x0000000714b00000, 0x0000000714b00000|100%| E|CS|TAMS 0x0000000714a00000, 0x0000000714a00000| Complete 
| 229|0x0000000714b00000, 0x0000000714c00000, 0x0000000714c00000|100%| E|CS|TAMS 0x0000000714b00000, 0x0000000714b00000| Complete 
| 230|0x0000000714c00000, 0x0000000714d00000, 0x0000000714d00000|100%| E|CS|TAMS 0x0000000714c00000, 0x0000000714c00000| Complete 
| 231|0x0000000714d00000, 0x0000000714e00000, 0x0000000714e00000|100%| E|CS|TAMS 0x0000000714d00000, 0x0000000714d00000| Complete 
| 232|0x0000000714e00000, 0x0000000714f00000, 0x0000000714f00000|100%| E|CS|TAMS 0x0000000714e00000, 0x0000000714e00000| Complete 
| 233|0x0000000714f00000, 0x0000000715000000, 0x0000000715000000|100%| E|CS|TAMS 0x0000000714f00000, 0x0000000714f00000| Complete 
| 234|0x0000000715000000, 0x0000000715100000, 0x0000000715100000|100%| E|CS|TAMS 0x0000000715000000, 0x0000000715000000| Complete 
| 235|0x0000000715100000, 0x0000000715200000, 0x0000000715200000|100%| E|CS|TAMS 0x0000000715100000, 0x0000000715100000| Complete 
| 236|0x0000000715200000, 0x0000000715300000, 0x0000000715300000|100%| E|CS|TAMS 0x0000000715200000, 0x0000000715200000| Complete 
| 237|0x0000000715300000, 0x0000000715400000, 0x0000000715400000|100%| E|CS|TAMS 0x0000000715300000, 0x0000000715300000| Complete 
| 238|0x0000000715400000, 0x0000000715500000, 0x0000000715500000|100%| E|CS|TAMS 0x0000000715400000, 0x0000000715400000| Complete 
| 239|0x0000000715500000, 0x0000000715600000, 0x0000000715600000|100%| E|CS|TAMS 0x0000000715500000, 0x0000000715500000| Complete 
| 240|0x0000000715600000, 0x0000000715700000, 0x0000000715700000|100%| E|CS|TAMS 0x0000000715600000, 0x0000000715600000| Complete 
| 241|0x0000000715700000, 0x0000000715800000, 0x0000000715800000|100%| E|CS|TAMS 0x0000000715700000, 0x0000000715700000| Complete 
| 242|0x0000000715800000, 0x0000000715900000, 0x0000000715900000|100%| E|CS|TAMS 0x0000000715800000, 0x0000000715800000| Complete 
| 243|0x0000000715900000, 0x0000000715a00000, 0x0000000715a00000|100%| E|CS|TAMS 0x0000000715900000, 0x0000000715900000| Complete 
| 244|0x0000000715a00000, 0x0000000715b00000, 0x0000000715b00000|100%| E|CS|TAMS 0x0000000715a00000, 0x0000000715a00000| Complete 
| 245|0x0000000715b00000, 0x0000000715c00000, 0x0000000715c00000|100%| E|CS|TAMS 0x0000000715b00000, 0x0000000715b00000| Complete 
| 246|0x0000000715c00000, 0x0000000715d00000, 0x0000000715d00000|100%| E|CS|TAMS 0x0000000715c00000, 0x0000000715c00000| Complete 
| 247|0x0000000715d00000, 0x0000000715e00000, 0x0000000715e00000|100%| E|CS|TAMS 0x0000000715d00000, 0x0000000715d00000| Complete 
| 248|0x0000000715e00000, 0x0000000715f00000, 0x0000000715f00000|100%| E|CS|TAMS 0x0000000715e00000, 0x0000000715e00000| Complete 
| 249|0x0000000715f00000, 0x0000000716000000, 0x0000000716000000|100%| E|CS|TAMS 0x0000000715f00000, 0x0000000715f00000| Complete 

Card table byte_map: [0x000001ee24000000,0x000001ee247d0000] _byte_map_base: 0x000001ee207cd000

Marking Bits (Prev, Next): (CMBitMap*) 0x000001ee08651dd8, (CMBitMap*) 0x000001ee08651e10
 Prev Bits: [0x000001ee24fa0000, 0x000001ee28e08000)
 Next Bits: [0x000001ee28e10000, 0x000001ee2cc78000)

Polling page: 0x000001ee07f10000

Metaspace:

Usage:
  Non-class:      4.91 MB capacity,     4.55 MB ( 93%) used,   360.59 KB (  7%) free+waste,    15.25 KB ( <1%) overhead. 
      Class:    653.00 KB capacity,   553.11 KB ( 85%) used,    91.33 KB ( 14%) free+waste,     8.56 KB (  1%) overhead. 
       Both:      5.55 MB capacity,     5.09 MB ( 92%) used,   451.92 KB (  8%) free+waste,    23.81 KB ( <1%) overhead. 

Virtual space:
  Non-class space:        8.00 MB reserved,       5.00 MB ( 62%) committed 
      Class space:        1.00 GB reserved,     768.00 KB ( <1%) committed 
             Both:        1.01 GB reserved,       5.75 MB ( <1%) committed 

Chunk freelists:
   Non-Class:  24.00 KB
       Class:  19.00 KB
        Both:  43.00 KB

MaxMetaspaceSize: 17179869184.00 GB
CompressedClassSpaceSize: 1.00 GB
Initial GC threshold: 20.80 MB
Current GC threshold: 20.80 MB
CDS: on

CodeHeap 'non-profiled nmethods': size=120000Kb used=695Kb max_used=695Kb free=119304Kb
 bounds [0x000001ee1b0c0000, 0x000001ee1b330000, 0x000001ee225f0000]
CodeHeap 'profiled nmethods': size=120000Kb used=3127Kb max_used=3127Kb free=116872Kb
 bounds [0x000001ee13b90000, 0x000001ee13ea0000, 0x000001ee1b0c0000]
CodeHeap 'non-nmethods': size=5760Kb used=1121Kb max_used=1191Kb free=4638Kb
 bounds [0x000001ee135f0000, 0x000001ee13860000, 0x000001ee13b90000]
 total_blobs=1660 nmethods=1252 adapters=324
 compilation: enabled
              stopped_count=0, restarted_count=0
 full_count=0

Compilation events (20 events):
Event: 0.499 Thread 0x000001ee089b9800 1244       3       java.lang.Boolean::parseBoolean (7 bytes)
Event: 0.499 Thread 0x000001ee089b9800 nmethod 1244 0x000001ee13e91d90 code [0x000001ee13e91f40, 0x000001ee13e92100]
Event: 0.499 Thread 0x000001ee089b9800 1245       3       java.lang.Boolean::valueOf (17 bytes)
Event: 0.499 Thread 0x000001ee089b9800 nmethod 1245 0x000001ee13e92210 code [0x000001ee13e92400, 0x000001ee13e92680]
Event: 0.499 Thread 0x000001ee089b9800 1246   !   3       jdk.jfr.internal.Control::setValueSafe (82 bytes)
Event: 0.500 Thread 0x000001ee089b9800 nmethod 1246 0x000001ee13e92810 code [0x000001ee13e92c00, 0x000001ee13e93d10]
Event: 0.500 Thread 0x000001ee089b9800 1241       3       jdk.internal.org.objectweb.asm.MethodWriter::getSize (838 bytes)
Event: 0.500 Thread 0x000001ee089b6000 1248       4       java.lang.invoke.MethodType::parameterType (7 bytes)
Event: 0.500 Thread 0x000001ee089b6000 nmethod 1248 0x000001ee1b16b210 code [0x000001ee1b16b3c0, 0x000001ee1b16b4c0]
Event: 0.501 Thread 0x000001ee089b9800 nmethod 1241 0x000001ee13e94810 code [0x000001ee13e94e80, 0x000001ee13e972e0]
Event: 0.501 Thread 0x000001ee089b9800 1243       3       java.lang.invoke.MethodHandle::<init> (37 bytes)
Event: 0.501 Thread 0x000001ee089b9800 nmethod 1243 0x000001ee13e99790 code [0x000001ee13e999c0, 0x000001ee13e9a010]
Event: 0.507 Thread 0x000001ee08a96000 nmethod 1247 0x000001ee1b16b590 code [0x000001ee1b16b880, 0x000001ee1b16c950]
Event: 0.508 Thread 0x000001ee089b9800 1249       3       java.lang.StringBuilder::append (8 bytes)
Event: 0.508 Thread 0x000001ee089b9800 nmethod 1249 0x000001ee13e9a410 code [0x000001ee13e9a5c0, 0x000001ee13e9a7c0]
Event: 0.508 Thread 0x000001ee089b9800 1250       3       java.lang.AbstractStringBuilder::append (60 bytes)
Event: 0.508 Thread 0x000001ee089b9800 nmethod 1250 0x000001ee13e9a890 code [0x000001ee13e9aac0, 0x000001ee13e9af10]
Event: 0.508 Thread 0x000001ee089b9800 1252       3       sun.invoke.util.VerifyAccess::isSamePackage (32 bytes)
Event: 0.509 Thread 0x000001ee089b9800 nmethod 1252 0x000001ee13e9b210 code [0x000001ee13e9b600, 0x000001ee13e9ca60]
Event: 0.509 Thread 0x000001ee089b9800 1251       3       jdk.internal.org.objectweb.asm.MethodVisitor::visitCode (15 bytes)

GC Heap History (0 events):
No events

Deoptimization events (20 events):
Event: 0.488 Thread 0x000001ee081fb000 Uncommon trap: trap_request=0xffffff4d fr.pc=0x000001ee1b102460 relative=0x00000000000000a0
Event: 0.488 Thread 0x000001ee081fb000 Uncommon trap: reason=unstable_if action=reinterpret pc=0x000001ee1b102460 method=java.lang.CharacterDataLatin1.isWhitespace(I)Z @ 14 c2
Event: 0.488 Thread 0x000001ee081fb000 DEOPT PACKING pc=0x000001ee1b102460 sp=0x00000075d52fe650
Event: 0.488 Thread 0x000001ee081fb000 DEOPT UNPACKING pc=0x000001ee13624d9c sp=0x00000075d52fe5e0 mode 2
Event: 0.489 Thread 0x000001ee081fb000 Uncommon trap: trap_request=0xffffffc6 fr.pc=0x000001ee1b149c24 relative=0x00000000000001e4
Event: 0.489 Thread 0x000001ee081fb000 Uncommon trap: reason=bimorphic_or_optimized_type_check action=maybe_recompile pc=0x000001ee1b149c24 method=java.util.Collections$UnmodifiableCollection$1.next()Ljava/lang/Object; @ 4 c2
Event: 0.489 Thread 0x000001ee081fb000 DEOPT PACKING pc=0x000001ee1b149c24 sp=0x00000075d52fdc70
Event: 0.489 Thread 0x000001ee081fb000 DEOPT UNPACKING pc=0x000001ee13624d9c sp=0x00000075d52fdc40 mode 2
Event: 0.489 Thread 0x000001ee081fb000 Uncommon trap: trap_request=0xffffffc6 fr.pc=0x000001ee1b149c24 relative=0x00000000000001e4
Event: 0.489 Thread 0x000001ee081fb000 Uncommon trap: reason=bimorphic_or_optimized_type_check action=maybe_recompile pc=0x000001ee1b149c24 method=java.util.Collections$UnmodifiableCollection$1.next()Ljava/lang/Object; @ 4 c2
Event: 0.489 Thread 0x000001ee081fb000 DEOPT PACKING pc=0x000001ee1b149c24 sp=0x00000075d52fdc70
Event: 0.489 Thread 0x000001ee081fb000 DEOPT UNPACKING pc=0x000001ee13624d9c sp=0x00000075d52fdc40 mode 2
Event: 0.489 Thread 0x000001ee081fb000 Uncommon trap: trap_request=0xffffffc6 fr.pc=0x000001ee1b149c24 relative=0x00000000000001e4
Event: 0.489 Thread 0x000001ee081fb000 Uncommon trap: reason=bimorphic_or_optimized_type_check action=maybe_recompile pc=0x000001ee1b149c24 method=java.util.Collections$UnmodifiableCollection$1.next()Ljava/lang/Object; @ 4 c2
Event: 0.489 Thread 0x000001ee081fb000 DEOPT PACKING pc=0x000001ee1b149c24 sp=0x00000075d52fdc70
Event: 0.489 Thread 0x000001ee081fb000 DEOPT UNPACKING pc=0x000001ee13624d9c sp=0x00000075d52fdc40 mode 2
Event: 0.489 Thread 0x000001ee081fb000 Uncommon trap: trap_request=0xffffffc6 fr.pc=0x000001ee1b149c24 relative=0x00000000000001e4
Event: 0.489 Thread 0x000001ee081fb000 Uncommon trap: reason=bimorphic_or_optimized_type_check action=maybe_recompile pc=0x000001ee1b149c24 method=java.util.Collections$UnmodifiableCollection$1.next()Ljava/lang/Object; @ 4 c2
Event: 0.489 Thread 0x000001ee081fb000 DEOPT PACKING pc=0x000001ee1b149c24 sp=0x00000075d52fdc70
Event: 0.489 Thread 0x000001ee081fb000 DEOPT UNPACKING pc=0x000001ee13624d9c sp=0x00000075d52fdc40 mode 2

Classes redefined (9 events):
Event: 0.291 Thread 0x000001ee08973800 redefined class name=java.io.FileInputStream, count=1
Event: 0.302 Thread 0x000001ee08973800 redefined class name=java.io.FileOutputStream, count=1
Event: 0.309 Thread 0x000001ee08973800 redefined class name=java.io.RandomAccessFile, count=1
Event: 0.315 Thread 0x000001ee08973800 redefined class name=sun.nio.ch.FileChannelImpl, count=1
Event: 0.322 Thread 0x000001ee08973800 redefined class name=java.net.SocketInputStream, count=2
Event: 0.329 Thread 0x000001ee08973800 redefined class name=java.net.SocketOutputStream, count=2
Event: 0.335 Thread 0x000001ee08973800 redefined class name=sun.nio.ch.SocketChannelImpl, count=1
Event: 0.342 Thread 0x000001ee08973800 redefined class name=java.lang.Throwable, count=1
Event: 0.349 Thread 0x000001ee08973800 redefined class name=java.lang.Error, count=2

Internal exceptions (20 events):
Event: 0.219 Thread 0x000001ee081fb000 Exception <a 'java/lang/ClassNotFoundException'{0x00000007155713b8}: jdk/jfr/internal/handlers/EventHandler1763_1721599453289-39180> (0x00000007155713b8) thrown at [s\src\hotspot\share\classfile\systemDictionary.cpp, line 230]
Event: 0.220 Thread 0x000001ee081fb000 Exception <a 'java/lang/ClassNotFoundException'{0x0000000715588a90}: jdk/jfr/internal/handlers/EventHandler1765_1721599453289-39180> (0x0000000715588a90) thrown at [s\src\hotspot\share\classfile\systemDictionary.cpp, line 230]
Event: 0.221 Thread 0x000001ee081fb000 Exception <a 'java/lang/ClassNotFoundException'{0x00000007155a4728}: jdk/jfr/internal/handlers/EventHandler1767_1721599453289-39180> (0x00000007155a4728) thrown at [s\src\hotspot\share\classfile\systemDictionary.cpp, line 230]
Event: 0.350 Thread 0x000001ee081fb000 Exception <a 'java/lang/NoSuchMethodError'{0x0000000714e9b5b0}: 'void java.lang.invoke.DirectMethodHandle$Holder.invokeSpecial(java.lang.Object, java.lang.Object)'> (0x0000000714e9b5b0) thrown at [s\src\hotspot\share\interpreter\linkResolver.cpp, line 773]
Event: 0.351 Thread 0x000001ee081fb000 Exception <a 'java/lang/NoSuchMethodError'{0x0000000714ea4510}: 'void java.lang.invoke.DirectMethodHandle$Holder.invokeStatic(java.lang.Object, java.lang.Object, int)'> (0x0000000714ea4510) thrown at [s\src\hotspot\share\interpreter\linkResolver.cpp, line 773]
Event: 0.352 Thread 0x000001ee081fb000 Exception <a 'java/lang/NoSuchMethodError'{0x0000000714eaa960}: 'java.lang.Object java.lang.invoke.Invokers$Holder.linkToTargetMethod(java.lang.Object, int, java.lang.Object)'> (0x0000000714eaa960) thrown at [s\src\hotspot\share\interpreter\linkResolver.cpp, line 773]
Event: 0.358 Thread 0x000001ee081fb000 Exception <a 'sun/nio/fs/WindowsException'{0x0000000714ec9fb8}> (0x0000000714ec9fb8) thrown at [s\src\hotspot\share\prims\jni.cpp, line 617]
Event: 0.358 Thread 0x000001ee081fb000 Exception <a 'sun/nio/fs/WindowsException'{0x0000000714eca230}> (0x0000000714eca230) thrown at [s\src\hotspot\share\prims\jni.cpp, line 617]
Event: 0.360 Thread 0x000001ee081fb000 Exception <a 'sun/nio/fs/WindowsException'{0x0000000714ed4688}> (0x0000000714ed4688) thrown at [s\src\hotspot\share\prims\jni.cpp, line 617]
Event: 0.360 Thread 0x000001ee081fb000 Exception <a 'sun/nio/fs/WindowsException'{0x0000000714ed4948}> (0x0000000714ed4948) thrown at [s\src\hotspot\share\prims\jni.cpp, line 617]
Event: 0.360 Thread 0x000001ee081fb000 Exception <a 'sun/nio/fs/WindowsException'{0x0000000714ed5058}> (0x0000000714ed5058) thrown at [s\src\hotspot\share\prims\jni.cpp, line 617]
Event: 0.361 Thread 0x000001ee081fb000 Exception <a 'sun/nio/fs/WindowsException'{0x0000000714ed6a40}> (0x0000000714ed6a40) thrown at [s\src\hotspot\share\prims\jni.cpp, line 617]
Event: 0.363 Thread 0x000001ee081fb000 Exception <a 'sun/nio/fs/WindowsException'{0x0000000714ed8990}> (0x0000000714ed8990) thrown at [s\src\hotspot\share\prims\jni.cpp, line 617]
Event: 0.363 Thread 0x000001ee081fb000 Exception <a 'sun/nio/fs/WindowsException'{0x0000000714ed8ce8}> (0x0000000714ed8ce8) thrown at [s\src\hotspot\share\prims\jni.cpp, line 617]
Event: 0.363 Thread 0x000001ee081fb000 Exception <a 'sun/nio/fs/WindowsException'{0x0000000714ed9958}> (0x0000000714ed9958) thrown at [s\src\hotspot\share\prims\jni.cpp, line 617]
Event: 0.363 Thread 0x000001ee081fb000 Exception <a 'sun/nio/fs/WindowsException'{0x0000000714ed9ca8}> (0x0000000714ed9ca8) thrown at [s\src\hotspot\share\prims\jni.cpp, line 617]
Event: 0.444 Thread 0x000001ee081fb000 Exception <a 'java/io/FileNotFoundException'{0x0000000714a25df0}> (0x0000000714a25df0) thrown at [s\src\hotspot\share\prims\jni.cpp, line 617]
Event: 0.451 Thread 0x000001ee081fb000 Exception <a 'java/lang/NoSuchMethodError'{0x0000000714a76a20}: 'int java.lang.invoke.DirectMethodHandle$Holder.invokeSpecialIFC(java.lang.Object, java.lang.Object, int)'> (0x0000000714a76a20) thrown at [s\src\hotspot\share\interpreter\linkResolver.cpp, line 773]
Event: 0.488 Thread 0x000001ee081fb000 Exception <a 'java/lang/reflect/InvocationTargetException'{0x0000000714848540}> (0x0000000714848540) thrown at [s\src\hotspot\share\runtime\reflection.cpp, line 1245]
Event: 0.496 Thread 0x000001ee32a37800 Exception <a 'sun/nio/fs/WindowsException'{0x0000000714893760}> (0x0000000714893760) thrown at [s\src\hotspot\share\prims\jni.cpp, line 617]

Events (20 events):
Event: 0.508 loading class java/nio/file/SimpleFileVisitor done
Event: 0.508 loading class jdk/jfr/internal/SecuritySupport$DirectoryCleaner done
Event: 0.508 loading class java/nio/file/FileVisitOption
Event: 0.509 loading class java/nio/file/FileVisitOption done
Event: 0.509 loading class java/nio/file/FileTreeWalker
Event: 0.509 loading class java/nio/file/FileTreeWalker done
Event: 0.509 loading class java/util/RegularEnumSet$EnumSetIterator
Event: 0.509 loading class java/util/RegularEnumSet$EnumSetIterator done
Event: 0.509 loading class java/nio/file/FileTreeWalker$DirectoryNode
Event: 0.509 loading class java/nio/file/FileTreeWalker$DirectoryNode done
Event: 0.509 loading class java/nio/file/FileTreeWalker$Event
Event: 0.509 loading class java/nio/file/FileTreeWalker$Event done
Event: 0.509 loading class java/nio/file/FileTreeWalker$EventType
Event: 0.509 loading class java/nio/file/FileTreeWalker$EventType done
Event: 0.509 loading class java/nio/file/Files$3
Event: 0.509 loading class java/nio/file/Files$3 done
Event: 0.509 loading class java/nio/file/FileVisitResult
Event: 0.509 loading class java/nio/file/FileVisitResult done
Event: 0.509 Thread 0x000001ee32a37800 Thread exited: 0x000001ee32a37800
Event: 0.509 Executing VM operation: Exit


Dynamic libraries:
0x00007ff667bd0000 - 0x00007ff667bdd000 	C:\Program Files\Microsoft\jdk-11.0.23.9-hotspot\bin\java.exe
0x00007ffdb5d80000 - 0x00007ffdb619e000 	C:\windows\SYSTEM32\ntdll.dll
0x00007ffdb4a60000 - 0x00007ffdb4bbe000 	C:\windows\System32\KERNEL32.DLL
0x00007ffdb1e90000 - 0x00007ffdb249b000 	C:\windows\System32\KERNELBASE.dll
0x00007ffdb1670000 - 0x00007ffdb1898000 	C:\windows\System32\ucrtbase.dll
0x00007ffda5ca0000 - 0x00007ffda5cb8000 	C:\Program Files\Microsoft\jdk-11.0.23.9-hotspot\bin\jli.dll
0x00007ffd8fd50000 - 0x00007ffd8fd84000 	C:\Program Files\Microsoft\jdk-11.0.23.9-hotspot\bin\VCRUNTIME140.dll
0x00007ffdb5740000 - 0x00007ffdb59b4000 	C:\windows\System32\USER32.dll
0x00007ffdb1e20000 - 0x00007ffdb1e7e000 	C:\windows\System32\win32u.dll
0x00007ffd85820000 - 0x00007ffd85c8a000 	C:\windows\WinSxS\arm64_microsoft.windows.common-controls_6595b64144ccf1df_6.0.26100.1150_none_3e0bc1a6e3314a06\COMCTL32.dll
0x00007ffdb31e0000 - 0x00007ffdb3245000 	C:\windows\System32\GDI32.dll
0x00007ffdb3090000 - 0x00007ffdb31d8000 	C:\windows\System32\msvcrt.dll
0x00007ffdb1ae0000 - 0x00007ffdb1cb6000 	C:\windows\System32\gdi32full.dll
0x00007ffdb1cc0000 - 0x00007ffdb1e19000 	C:\windows\System32\msvcp_win.dll
0x00007ffdb4610000 - 0x00007ffdb4665000 	C:\windows\System32\IMM32.DLL
0x00007ffd68b90000 - 0x00007ffd68ce3000 	C:\Program Files\Microsoft\jdk-11.0.23.9-hotspot\bin\msvcp140.dll
0x00007ffd168c0000 - 0x00007ffd17319000 	C:\Program Files\Microsoft\jdk-11.0.23.9-hotspot\bin\server\jvm.dll
0x00007ffdb59e0000 - 0x00007ffdb5b1d000 	C:\windows\System32\ADVAPI32.dll
0x00007ffdb5340000 - 0x00007ffdb5462000 	C:\windows\System32\sechost.dll
0x00007ffdb5b30000 - 0x00007ffdb5d2d000 	C:\windows\System32\RPCRT4.dll
0x00007ffdb52a0000 - 0x00007ffdb52af000 	C:\windows\System32\PSAPI.DLL
0x00007ffd9e240000 - 0x00007ffd9e256000 	C:\windows\SYSTEM32\VERSION.dll
0x00007ffd27fe0000 - 0x00007ffd27ff4000 	C:\windows\SYSTEM32\WSOCK32.dll
0x00007ffd88170000 - 0x00007ffd881d4000 	C:\windows\SYSTEM32\WINMM.dll
0x00007ffdb2df0000 - 0x00007ffdb2eb5000 	C:\windows\System32\WS2_32.dll
0x00007ffdaf6e0000 - 0x00007ffdaf710000 	C:\windows\SYSTEM32\kernel.appcore.dll
0x00007ffdab890000 - 0x00007ffdab8a0000 	C:\Program Files\Microsoft\jdk-11.0.23.9-hotspot\bin\verify.dll
0x00007ffdad4b0000 - 0x00007ffdad8ea000 	C:\windows\SYSTEM32\DBGHELP.DLL
0x00007ffdb4c30000 - 0x00007ffdb528f000 	C:\windows\System32\combase.dll
0x00007ffdb48b0000 - 0x00007ffdb4a53000 	C:\windows\System32\OLEAUT32.dll
0x00007ffd7ad70000 - 0x00007ffd7adda000 	C:\windows\SYSTEM32\dbgcore.DLL
0x00007ffdb18a0000 - 0x00007ffdb1980000 	C:\windows\System32\bcryptPrimitives.dll
0x00007ffda2150000 - 0x00007ffda2178000 	C:\Program Files\Microsoft\jdk-11.0.23.9-hotspot\bin\java.dll
0x00007ffda5c90000 - 0x00007ffda5c9a000 	C:\Program Files\Microsoft\jdk-11.0.23.9-hotspot\bin\jimage.dll
0x00007ffda5c70000 - 0x00007ffda5c7f000 	C:\Program Files\Microsoft\jdk-11.0.23.9-hotspot\bin\instrument.dll
0x00007ffd51ef0000 - 0x00007ffd52212000 	C:\Users\ice3x\AppData\Local\Temp\idea_libasyncProfiler_dll_temp_folder\libasyncProfiler.dll
0x00007ffda1810000 - 0x00007ffda1828000 	C:\Program Files\Microsoft\jdk-11.0.23.9-hotspot\bin\zip.dll
0x00007ffdb3890000 - 0x00007ffdb4606000 	C:\windows\System32\SHELL32.dll
0x00007ffdad940000 - 0x00007ffdaea9c000 	C:\windows\SYSTEM32\windows.storage.dll
0x00007ffdb2ec0000 - 0x00007ffdb307f000 	C:\windows\System32\SHCORE.dll
0x00007ffdb47f0000 - 0x00007ffdb4898000 	C:\windows\System32\shlwapi.dll
0x00007ffdb1520000 - 0x00007ffdb1560000 	C:\windows\SYSTEM32\profapi.dll
0x00007ffda0ff0000 - 0x00007ffda100a000 	C:\Program Files\Microsoft\jdk-11.0.23.9-hotspot\bin\net.dll
0x00007ffda8d00000 - 0x00007ffda8f10000 	C:\windows\SYSTEM32\WINHTTP.dll
0x00007ffdafe40000 - 0x00007ffdafefd000 	C:\windows\system32\mswsock.dll
0x00007ffda0fc0000 - 0x00007ffda0fd3000 	C:\Program Files\Microsoft\jdk-11.0.23.9-hotspot\bin\nio.dll
0x00007ffda0690000 - 0x00007ffda06a7000 	C:\Program Files\JetBrains\IntelliJ IDEA 2024.1.4\bin\breakgen64a.dll

dbghelp: loaded successfully - version: 4.0.5 - missing functions: none
symbol engine: initialized successfully - sym options: 0x614 - pdb path: .;C:\Program Files\Microsoft\jdk-11.0.23.9-hotspot\bin;C:\windows\SYSTEM32;C:\windows\WinSxS\arm64_microsoft.windows.common-controls_6595b64144ccf1df_6.0.26100.1150_none_3e0bc1a6e3314a06;C:\Program Files\Microsoft\jdk-11.0.23.9-hotspot\bin\server;C:\Users\ice3x\AppData\Local\Temp\idea_libasyncProfiler_dll_temp_folder;C:\Program Files\JetBrains\IntelliJ IDEA 2024.1.4\bin

VM Arguments:
jvm_args: -ea -Didea.test.cyclic.buffer.size=1048576 -javaagent:C:\Program Files\JetBrains\IntelliJ IDEA 2024.1.4\lib\idea_rt.jar=56517:C:\Program Files\JetBrains\IntelliJ IDEA 2024.1.4\bin -agentpath:C:\Users\ice3x\AppData\Local\Temp\idea_libasyncProfiler_dll_temp_folder\libasyncProfiler.dll=start,jfr,event=wall,interval=10ms,jfrsync=profile,cstack=no,file=C:\Users\ice3x\IdeaSnapshots\JSON5ParserTest_testUnquoted_2024_07_22_070413.jfr,dbghelppath=C:\Users\ice3x\AppData\Local\Temp\idea_dbghelp_dll_temp_folder\dbghelp.dll,log=C:\Users\ice3x\AppData\Local\Temp\JSON5ParserTest_testUnquoted_2024_07_22_070413.jfr.log.txt,logLevel=DEBUG -Dfile.encoding=UTF-8 
java_command: com.intellij.rt.junit.JUnitStarter -ideVersion5 -junit4 com.hancomins.cson.JSON5ParserTest,testUnquoted
java_class_path (initial): C:\Program Files\JetBrains\IntelliJ IDEA 2024.1.4\lib\idea_rt.jar;C:\Program Files\JetBrains\IntelliJ IDEA 2024.1.4\plugins\junit\lib\junit5-rt.jar;C:\Program Files\JetBrains\IntelliJ IDEA 2024.1.4\plugins\junit\lib\junit-rt.jar;C:\Work\git\cson\out\test\classes;C:\Work\git\cson\out\production\classes;C:\Users\ice3x\.gradle\caches\modules-2\files-2.1\org.json\json\20220320\6df2c050972619466f6dcef7654ef9bcc01dfd0\json-20220320.jar;C:\Users\ice3x\.gradle\caches\modules-2\files-2.1\junit\junit\4.13.2\8ac9e16d933b6fb43bc7f576336b8f4d7eb5ba12\junit-4.13.2.jar;C:\Users\ice3x\.gradle\caches\modules-2\files-2.1\org.hamcrest\hamcrest-core\1.3\42a25dc3219429f0e5d060061f71acb49bf010a0\hamcrest-core-1.3.jar
Launcher Type: SUN_STANDARD

[Global flags]
     intx CICompilerCount                          = 4                                         {product} {ergonomic}
     uint ConcGCThreads                            = 3                                         {product} {ergonomic}
     bool FlightRecorder                           = true                                      {product} {management}
     uint G1ConcRefinementThreads                  = 10                                        {product} {ergonomic}
   size_t G1HeapRegionSize                         = 1048576                                   {product} {ergonomic}
    uintx GCDrainStackTargetSize                   = 64                                        {product} {ergonomic}
   size_t InitialHeapSize                          = 262144000                                 {product} {ergonomic}
   size_t MarkStackSize                            = 4194304                                   {product} {ergonomic}
   size_t MaxHeapSize                              = 4188012544                                {product} {ergonomic}
   size_t MaxNewSize                               = 2512388096                                {product} {ergonomic}
   size_t MinHeapDeltaBytes                        = 1048576                                   {product} {ergonomic}
    uintx NonNMethodCodeHeapSize                   = 5836492                                {pd product} {ergonomic}
    uintx NonProfiledCodeHeapSize                  = 122910874                              {pd product} {ergonomic}
    uintx ProfiledCodeHeapSize                     = 122910874                              {pd product} {ergonomic}
    uintx ReservedCodeCacheSize                    = 251658240                              {pd product} {ergonomic}
     bool SegmentedCodeCache                       = true                                      {product} {ergonomic}
     bool UseCompressedClassPointers               = true                                 {lp64_product} {ergonomic}
     bool UseCompressedOops                        = true                                 {lp64_product} {ergonomic}
     bool UseG1GC                                  = true                                      {product} {ergonomic}
     bool UseLargePagesIndividualAllocation        = false                                  {pd product} {ergonomic}

Logging:
Log output configuration:
 #0: stdout all=warning uptime,level,tags
 #1: stderr all=off uptime,level,tags

Environment Variables:
JAVA_HOME=C:\Program Files\Microsoft\jdk-21.0.3.9-hotspot\
PATH=C:\Program Files\Microsoft\jdk-21.0.3.9-hotspot\bin;C:\Python312\Scripts\;C:\Python312\;C:\Program Files\Microsoft\jdk-11.0.23.9-hotspot\bin;C:\Program Files\Microsoft\jdk-17.0.11.9-hotspot\bin;C:\windows\system32;C:\windows;C:\windows\System32\Wbem;C:\windows\System32\WindowsPowerShell\v1.0\;C:\windows\System32\OpenSSH\;C:\Program Files\nodejs\;C:\ProgramData\chocolatey\bin;C:\Program Files\Microsoft SQL Server\150\Tools\Binn\;C:\Program Files\Microsoft SQL Server\Client SDK\ODBC\170\Tools\Binn\;C:\Program Files\dotnet\;C:\Program Files\Git\cmd;C:\Users\ice3x\AppData\Local\Microsoft\WindowsApps;C:\Users\ice3x\AppData\Local\Programs\Microsoft VS Code\bin;C:\Users\ice3x\AppData\Roaming\npm;C:\Users\ice3x\.dotnet\tools
USERNAME=ice3x
OS=Windows_NT
PROCESSOR_IDENTIFIER=ARMv8 (64-bit) Family 8 Model 1 Revision 201, Qualcomm Technologies Inc
TMP=C:\Users\ice3x\AppData\Local\Temp
TEMP=C:\Users\ice3x\AppData\Local\Temp



---------------  S Y S T E M  ---------------

OS: Windows 11 , 64 bit Build 26100 (10.0.26100.1150)
OS uptime: 9 days 6:20 hours

CPU:total 12 (initial active 12) 0x00:0x0:0x000:0, simd, crc, aes, sha1, sha256

Memory: 4k page, system-wide physical 15974M (2025M free)
TotalPageFile size 25702M (AvailPageFile size 2801M)
current process WorkingSet (physical memory assigned to process): 97M, peak: 100M
current process commit charge ("private bytes"): 388M, peak: 393M

vm_info: OpenJDK 64-Bit Server VM (11.0.23+9-LTS) for windows-aarch64 JRE (11.0.23+9-LTS), built on Apr 10 2024 18:08:13 by "MicrosoftCorporation" with MS VC++ 16.10 / 16.11 (VS2019)

END.
